<?xml version="1.0" encoding="UTF-8"?>
<!-- Generated by org.testng.reporters.JUnitReportReporter -->
<testsuite hostname="LAPTOP-2JLT9IQN" failures="0" tests="1" name="testNg.ConfigurationAnnotations" time="0.018" errors="0" timestamp="2024-07-22T12:47:31 IST" skipped="0">
  <testcase classname="testNg.ConfigurationAnnotations" name="demo" time="0.018">
    <system-out>
      <![CDATA[@Test(demo)executed]]>
    </system-out>
  </testcase> <!-- demo -->
  <system-out>
    <![CDATA[@BeforeSuit
@BeforeTest
@BeforeClass
@BeforeMethod
@Test(demo)executed
@AfterMethod
@AfterClass
@AfterTest
@AfterSuit]]>
  </system-out>
</testsuite> <!-- testNg.ConfigurationAnnotations -->
