<?xml version="1.0" encoding="UTF-8"?>
<!-- Generated by org.testng.reporters.JUnitReportReporter -->
<testsuite hostname="LAPTOP-2JLT9IQN" failures="0" tests="5" name="testNg.AnnotationAttributes" time="34.110" errors="0" timestamp="2024-07-19T11:37:52 IST" skipped="1">
  <testcase classname="testNg.AnnotationAttributes" name="login" time="8.290">
    <system-out>
      <![CDATA[user logged in successfilly]]>
    </system-out>
  </testcase> <!-- login -->
  <testcase classname="testNg.AnnotationAttributes" name="login" time="8.585">
    <system-out>
      <![CDATA[user logged in successfilly]]>
    </system-out>
  </testcase> <!-- login -->
  <testcase classname="testNg.AnnotationAttributes" name="login" time="8.718">
    <system-out>
      <![CDATA[user logged in successfilly]]>
    </system-out>
  </testcase> <!-- login -->
  <testcase classname="testNg.AnnotationAttributes" name="login" time="8.517">
    <system-out>
      <![CDATA[user logged in successfilly]]>
    </system-out>
  </testcase> <!-- login -->
  <testcase classname="testNg.AnnotationAttributes" name="register">
    <skipped/>
  </testcase> <!-- register -->
  <system-out>
    <![CDATA[user logged in successfilly
user logged in successfilly
user logged in successfilly
user logged in successfilly]]>
  </system-out>
</testsuite> <!-- testNg.AnnotationAttributes -->
