<?xml version="1.0" encoding="UTF-8"?>
<!-- Generated by org.testng.reporters.JUnitReportReporter -->
<testsuite hostname="LAPTOP-2JLT9IQN" failures="0" tests="2" name="CrossBrowser.CrossBrowserTesting" time="19.193" errors="0" timestamp="2024-07-24T12:30:04 IST" skipped="0">
  <testcase classname="CrossBrowser.CrossBrowserTesting" name="launch" time="10.450"/>
  <testcase classname="CrossBrowser.CrossBrowserTesting" name="launch" time="8.743"/>
</testsuite> <!-- CrossBrowser.CrossBrowserTesting -->
