<?xml version="1.0" encoding="UTF-8"?>
<!-- Generated by org.testng.reporters.JUnitReportReporter -->
<testsuite hostname="LAPTOP-2JLT9IQN" failures="0" tests="3" name="testNg.DependsOnMethodss" time="10.199" errors="0" timestamp="2024-07-19T12:26:42 IST" skipped="0">
  <testcase classname="testNg.DependsOnMethodss" name="addProduct" time="0.003">
    <system-out>
      <![CDATA[product is successfully added to cart]]>
    </system-out>
  </testcase> <!-- addProduct -->
  <testcase classname="testNg.DependsOnMethodss" name="login" time="5.464">
    <system-out>
      <![CDATA[user logged in successfilly]]>
    </system-out>
  </testcase> <!-- login -->
  <testcase classname="testNg.DependsOnMethodss" name="register" time="4.732">
    <system-out>
      <![CDATA[user registered in successfully]]>
    </system-out>
  </testcase> <!-- register -->
  <system-out>
    <![CDATA[user registered in successfully
user logged in successfilly
product is successfully added to cart]]>
  </system-out>
</testsuite> <!-- testNg.DependsOnMethodss -->
